mode: atomic
github.com/lsantanna87/ddbooking/cmd/command.go:14.69,16.41 2 0
github.com/lsantanna87/ddbooking/cmd/command.go:20.2,20.13 1 0
github.com/lsantanna87/ddbooking/cmd/command.go:16.41,18.3 1 0
github.com/lsantanna87/ddbooking/cmd/command.go:23.37,30.2 1 0
github.com/lsantanna87/ddbooking/cmd/command.go:32.39,39.2 1 0
github.com/lsantanna87/ddbooking/cmd/command.go:41.44,46.16 4 0
github.com/lsantanna87/ddbooking/cmd/command.go:50.2,50.12 1 0
github.com/lsantanna87/ddbooking/cmd/command.go:46.16,48.3 1 0
github.com/lsantanna87/ddbooking/cmd/command.go:53.42,55.16 2 0
github.com/lsantanna87/ddbooking/cmd/command.go:59.2,62.12 3 0
github.com/lsantanna87/ddbooking/cmd/command.go:55.16,57.3 1 0
github.com/lsantanna87/ddbooking/cmd/command.go:65.72,66.20 1 0
github.com/lsantanna87/ddbooking/cmd/command.go:66.20,69.3 2 0
github.com/lsantanna87/ddbooking/cmd/command.go:69.8,69.27 1 0
github.com/lsantanna87/ddbooking/cmd/command.go:69.27,71.3 1 0
github.com/lsantanna87/ddbooking/cmd/command.go:71.8,73.3 1 0
github.com/lsantanna87/ddbooking/cmd/command.go:76.43,78.16 2 0
github.com/lsantanna87/ddbooking/cmd/command.go:82.2,82.12 1 0
github.com/lsantanna87/ddbooking/cmd/command.go:78.16,80.3 1 0
github.com/lsantanna87/ddbooking/cmd/flag.go:5.55,7.33 2 0
github.com/lsantanna87/ddbooking/cmd/flag.go:11.2,11.20 1 0
github.com/lsantanna87/ddbooking/cmd/flag.go:7.33,9.3 1 0
github.com/lsantanna87/ddbooking/cmd/flag.go:14.32,20.2 1 0
github.com/lsantanna87/ddbooking/cmd/flag.go:22.32,28.2 1 0
github.com/lsantanna87/ddbooking/cmd/cli.go:10.16,18.16 3 0
github.com/lsantanna87/ddbooking/cmd/cli.go:18.16,20.3 1 0
github.com/lsantanna87/ddbooking/pkg/api/event.go:17.71,19.2 1 0
github.com/lsantanna87/ddbooking/pkg/api/event.go:21.52,22.36 1 0
github.com/lsantanna87/ddbooking/pkg/api/event.go:28.2,28.18 1 0
github.com/lsantanna87/ddbooking/pkg/api/event.go:22.36,24.15 2 0
github.com/lsantanna87/ddbooking/pkg/api/event.go:24.15,26.4 1 0
github.com/lsantanna87/ddbooking/pkg/domain/event.go:24.40,27.43 2 5
github.com/lsantanna87/ddbooking/pkg/domain/event.go:31.2,31.50 1 2
github.com/lsantanna87/ddbooking/pkg/domain/event.go:35.2,35.18 1 1
github.com/lsantanna87/ddbooking/pkg/domain/event.go:27.43,29.3 1 3
github.com/lsantanna87/ddbooking/pkg/domain/event.go:31.50,33.3 1 1
github.com/lsantanna87/ddbooking/pkg/domain/event.go:38.57,39.36 1 2
github.com/lsantanna87/ddbooking/pkg/domain/event.go:44.2,44.18 1 1
github.com/lsantanna87/ddbooking/pkg/domain/event.go:39.36,42.3 1 1
github.com/lsantanna87/ddbooking/pkg/domain/event.go:47.52,50.51 2 2
github.com/lsantanna87/ddbooking/pkg/domain/event.go:54.2,54.20 1 1
github.com/lsantanna87/ddbooking/pkg/domain/event.go:50.51,52.3 1 1
github.com/lsantanna87/ddbooking/pkg/domain/event_faker.go:9.57,12.47 2 7
github.com/lsantanna87/ddbooking/pkg/domain/event_faker.go:18.2,18.8 1 7
github.com/lsantanna87/ddbooking/pkg/domain/event_faker.go:12.47,16.3 3 13
github.com/lsantanna87/ddbooking/pkg/domain/event_faker.go:21.38,23.2 1 5
github.com/lsantanna87/ddbooking/pkg/service/event.go:9.110,10.56 1 0
github.com/lsantanna87/ddbooking/pkg/service/event.go:19.2,19.41 1 0
github.com/lsantanna87/ddbooking/pkg/service/event.go:10.56,17.3 2 0
github.com/lsantanna87/ddbooking/pkg/service/event.go:22.75,26.37 3 0
github.com/lsantanna87/ddbooking/pkg/service/event.go:37.2,37.25 1 0
github.com/lsantanna87/ddbooking/pkg/service/event.go:26.37,29.40 2 0
github.com/lsantanna87/ddbooking/pkg/service/event.go:29.40,31.69 2 0
github.com/lsantanna87/ddbooking/pkg/service/event.go:31.69,33.5 1 0
github.com/lsantanna87/ddbooking/pkg/service/event.go:40.65,41.34 1 0
github.com/lsantanna87/ddbooking/pkg/service/event.go:44.2,46.15 2 0
github.com/lsantanna87/ddbooking/pkg/service/event.go:41.34,43.3 1 0
