mode: atomic
github.com/lsantanna87/ddbooking/cmd/cli.go:10.22,19.2 2 1
github.com/lsantanna87/ddbooking/cmd/cli.go:21.40,22.14 1 3
github.com/lsantanna87/ddbooking/cmd/cli.go:26.2,26.28 1 2
github.com/lsantanna87/ddbooking/cmd/cli.go:30.2,30.12 1 1
github.com/lsantanna87/ddbooking/cmd/cli.go:22.14,24.3 1 1
github.com/lsantanna87/ddbooking/cmd/cli.go:26.28,28.3 1 1
github.com/lsantanna87/ddbooking/cmd/command.go:11.69,13.41 2 3
github.com/lsantanna87/ddbooking/cmd/command.go:17.2,17.13 1 3
github.com/lsantanna87/ddbooking/cmd/command.go:13.41,15.3 1 4
github.com/lsantanna87/ddbooking/cmd/command.go:20.37,26.2 1 3
github.com/lsantanna87/ddbooking/cmd/command.go:28.39,34.2 1 3
github.com/lsantanna87/ddbooking/cmd/command.go:36.44,40.16 3 3
github.com/lsantanna87/ddbooking/cmd/command.go:44.2,45.16 2 2
github.com/lsantanna87/ddbooking/cmd/command.go:49.2,51.12 2 1
github.com/lsantanna87/ddbooking/cmd/command.go:40.16,42.3 1 1
github.com/lsantanna87/ddbooking/cmd/command.go:45.16,47.3 1 1
github.com/lsantanna87/ddbooking/cmd/command.go:54.42,58.16 3 3
github.com/lsantanna87/ddbooking/cmd/command.go:62.2,63.16 2 2
github.com/lsantanna87/ddbooking/cmd/command.go:67.2,69.12 2 1
github.com/lsantanna87/ddbooking/cmd/command.go:58.16,60.3 1 1
github.com/lsantanna87/ddbooking/cmd/command.go:63.16,65.3 1 1
github.com/lsantanna87/ddbooking/cmd/flag.go:12.55,14.33 2 3
github.com/lsantanna87/ddbooking/cmd/flag.go:18.2,18.20 1 3
github.com/lsantanna87/ddbooking/cmd/flag.go:14.33,16.3 1 4
github.com/lsantanna87/ddbooking/cmd/flag.go:21.32,26.2 1 2
github.com/lsantanna87/ddbooking/cmd/flag.go:28.32,33.2 1 4
github.com/lsantanna87/ddbooking/cmd/flag.go:35.82,42.12 3 6
github.com/lsantanna87/ddbooking/cmd/flag.go:46.2,46.38 1 4
github.com/lsantanna87/ddbooking/cmd/flag.go:42.12,44.3 1 2
github.com/lsantanna87/ddbooking/cmd/flag.go:49.59,51.16 2 6
github.com/lsantanna87/ddbooking/cmd/flag.go:55.2,55.37 1 5
github.com/lsantanna87/ddbooking/cmd/flag.go:51.16,53.3 1 1
github.com/lsantanna87/ddbooking/cmd/flag.go:58.59,60.2 1 2
github.com/lsantanna87/ddbooking/cmd/flag_faker.go:10.79,16.2 4 7
github.com/lsantanna87/ddbooking/cmd/flag_faker.go:18.101,29.2 8 1
github.com/lsantanna87/ddbooking/pkg/domain/event.go:24.40,27.43 2 5
github.com/lsantanna87/ddbooking/pkg/domain/event.go:31.2,31.50 1 2
github.com/lsantanna87/ddbooking/pkg/domain/event.go:35.2,35.18 1 1
github.com/lsantanna87/ddbooking/pkg/domain/event.go:27.43,29.3 1 3
github.com/lsantanna87/ddbooking/pkg/domain/event.go:31.50,33.3 1 1
github.com/lsantanna87/ddbooking/pkg/domain/event.go:38.57,39.36 1 2
github.com/lsantanna87/ddbooking/pkg/domain/event.go:43.2,43.18 1 1
github.com/lsantanna87/ddbooking/pkg/domain/event.go:39.36,41.3 1 1
github.com/lsantanna87/ddbooking/pkg/domain/event.go:46.52,49.51 2 2
github.com/lsantanna87/ddbooking/pkg/domain/event.go:53.2,53.20 1 1
github.com/lsantanna87/ddbooking/pkg/domain/event.go:49.51,51.3 1 1
github.com/lsantanna87/ddbooking/pkg/domain/event_faker.go:9.57,12.47 2 7
github.com/lsantanna87/ddbooking/pkg/domain/event_faker.go:18.2,18.8 1 7
github.com/lsantanna87/ddbooking/pkg/domain/event_faker.go:12.47,16.3 3 13
github.com/lsantanna87/ddbooking/pkg/domain/event_faker.go:21.38,23.2 1 5
github.com/lsantanna87/ddbooking/pkg/service/event.go:18.81,19.22 1 5
github.com/lsantanna87/ddbooking/pkg/service/event.go:23.2,23.27 1 4
github.com/lsantanna87/ddbooking/pkg/service/event.go:29.2,29.18 1 3
github.com/lsantanna87/ddbooking/pkg/service/event.go:19.22,21.3 1 1
github.com/lsantanna87/ddbooking/pkg/service/event.go:23.27,24.40 1 8
github.com/lsantanna87/ddbooking/pkg/service/event.go:24.40,26.4 1 1
github.com/lsantanna87/ddbooking/pkg/service/event.go:32.111,34.58 2 4
github.com/lsantanna87/ddbooking/pkg/service/event.go:38.2,38.51 1 3
github.com/lsantanna87/ddbooking/pkg/service/event.go:34.58,36.3 1 1
github.com/lsantanna87/ddbooking/pkg/service/event.go:41.114,44.37 3 3
github.com/lsantanna87/ddbooking/pkg/service/event.go:55.2,55.30 1 3
github.com/lsantanna87/ddbooking/pkg/service/event.go:44.37,46.40 2 4
github.com/lsantanna87/ddbooking/pkg/service/event.go:46.40,48.50 2 5
github.com/lsantanna87/ddbooking/pkg/service/event.go:48.50,51.5 2 5
github.com/lsantanna87/ddbooking/pkg/service/event.go:58.105,60.2 1 7
github.com/lsantanna87/ddbooking/pkg/service/event.go:62.89,63.34 1 4
github.com/lsantanna87/ddbooking/pkg/service/event.go:67.2,69.15 2 4
github.com/lsantanna87/ddbooking/pkg/service/event.go:63.34,65.3 1 286
